{"F:\\YEAR_3\\Application Framework\\Project\\system\\backend\\AF-Project\\index.js": {"path":"F:\\YEAR_3\\Application Framework\\Project\\system\\backend\\AF-Project\\index.js","statementMap":{"0":{"start":{"line":1,"column":16},"end":{"line":1,"column":34}},"1":{"start":{"line":2,"column":17},"end":{"line":2,"column":36}},"2":{"start":{"line":3,"column":13},"end":{"line":3,"column":28}},"3":{"start":{"line":4,"column":19},"end":{"line":4,"column":41}},"4":{"start":{"line":5,"column":13},"end":{"line":5,"column":28}},"5":{"start":{"line":6,"column":11},"end":{"line":6,"column":24}},"6":{"start":{"line":7,"column":15},"end":{"line":7,"column":32}},"7":{"start":{"line":8,"column":0},"end":{"line":8,"column":27}},"8":{"start":{"line":9,"column":12},"end":{"line":9,"column":21}},"9":{"start":{"line":11,"column":13},"end":{"line":11,"column":37}},"10":{"start":{"line":12,"column":12},"end":{"line":12,"column":35}},"11":{"start":{"line":14,"column":0},"end":{"line":14,"column":16}},"12":{"start":{"line":15,"column":0},"end":{"line":15,"column":27}},"13":{"start":{"line":17,"column":0},"end":{"line":20,"column":3}},"14":{"start":{"line":22,"column":19},"end":{"line":22,"column":38}},"15":{"start":{"line":23,"column":0},"end":{"line":25,"column":3}},"16":{"start":{"line":24,"column":2},"end":{"line":24,"column":45}},"17":{"start":{"line":27,"column":22},"end":{"line":27,"column":65}},"18":{"start":{"line":28,"column":0},"end":{"line":28,"column":40}},"19":{"start":{"line":30,"column":15},"end":{"line":32,"column":2}},"20":{"start":{"line":31,"column":2},"end":{"line":31,"column":38}},"21":{"start":{"line":34,"column":0},"end":{"line":34,"column":24}}},"fnMap":{"0":{"name":"(anonymous_0)","decl":{"start":{"line":23,"column":24},"end":{"line":23,"column":25}},"loc":{"start":{"line":23,"column":30},"end":{"line":25,"column":1}},"line":23},"1":{"name":"(anonymous_1)","decl":{"start":{"line":30,"column":32},"end":{"line":30,"column":33}},"loc":{"start":{"line":30,"column":38},"end":{"line":32,"column":1}},"line":30}},"branchMap":{"0":{"loc":{"start":{"line":11,"column":13},"end":{"line":11,"column":37}},"type":"binary-expr","locations":[{"start":{"line":11,"column":13},"end":{"line":11,"column":29}},{"start":{"line":11,"column":33},"end":{"line":11,"column":37}}],"line":11}},"s":{"0":7,"1":7,"2":7,"3":7,"4":7,"5":7,"6":7,"7":7,"8":7,"9":7,"10":7,"11":7,"12":7,"13":7,"14":7,"15":7,"16":7,"17":7,"18":7,"19":7,"20":7,"21":7},"f":{"0":7,"1":7},"b":{"0":[7,7]},"_coverageSchema":"1a1c01bbd47fc00a2c39e90264f33305004495a9","hash":"263c1b485dc3c79c37dfafc930d2dcca0fd82b58"}
,"F:\\YEAR_3\\Application Framework\\Project\\system\\backend\\AF-Project\\config\\it20122614\\cloudinary.js": {"path":"F:\\YEAR_3\\Application Framework\\Project\\system\\backend\\AF-Project\\config\\it20122614\\cloudinary.js","statementMap":{"0":{"start":{"line":1,"column":19},"end":{"line":1,"column":43}},"1":{"start":{"line":3,"column":0},"end":{"line":7,"column":3}},"2":{"start":{"line":8,"column":0},"end":{"line":8,"column":28}}},"fnMap":{},"branchMap":{},"s":{"0":7,"1":7,"2":7},"f":{},"b":{},"_coverageSchema":"1a1c01bbd47fc00a2c39e90264f33305004495a9","hash":"648cf7a8efbc766f9e3746cbbed6fb8bd32213af"}
,"F:\\YEAR_3\\Application Framework\\Project\\system\\backend\\AF-Project\\config\\it20122614\\multer.js": {"path":"F:\\YEAR_3\\Application Framework\\Project\\system\\backend\\AF-Project\\config\\it20122614\\multer.js","statementMap":{"0":{"start":{"line":1,"column":15},"end":{"line":1,"column":32}},"1":{"start":{"line":2,"column":13},"end":{"line":2,"column":28}},"2":{"start":{"line":4,"column":0},"end":{"line":21,"column":3}},"3":{"start":{"line":7,"column":14},"end":{"line":7,"column":45}},"4":{"start":{"line":8,"column":4},"end":{"line":18,"column":5}},"5":{"start":{"line":16,"column":6},"end":{"line":16,"column":57}},"6":{"start":{"line":17,"column":6},"end":{"line":17,"column":13}},"7":{"start":{"line":19,"column":4},"end":{"line":19,"column":19}}},"fnMap":{"0":{"name":"(anonymous_0)","decl":{"start":{"line":6,"column":14},"end":{"line":6,"column":15}},"loc":{"start":{"line":6,"column":33},"end":{"line":20,"column":3}},"line":6}},"branchMap":{"0":{"loc":{"start":{"line":8,"column":4},"end":{"line":18,"column":5}},"type":"if","locations":[{"start":{"line":8,"column":4},"end":{"line":18,"column":5}},{"start":{},"end":{}}],"line":8},"1":{"loc":{"start":{"line":9,"column":6},"end":{"line":14,"column":21}},"type":"binary-expr","locations":[{"start":{"line":9,"column":6},"end":{"line":9,"column":20}},{"start":{"line":10,"column":6},"end":{"line":10,"column":21}},{"start":{"line":11,"column":6},"end":{"line":11,"column":20}},{"start":{"line":12,"column":6},"end":{"line":12,"column":20}},{"start":{"line":13,"column":6},"end":{"line":13,"column":20}},{"start":{"line":14,"column":6},"end":{"line":14,"column":21}}],"line":9}},"s":{"0":7,"1":7,"2":7,"3":0,"4":0,"5":0,"6":0,"7":0},"f":{"0":0},"b":{"0":[0,0],"1":[0,0,0,0,0,0]},"_coverageSchema":"1a1c01bbd47fc00a2c39e90264f33305004495a9","hash":"13699c9780dc6ca2639e6244e0c1740bb360270d"}
,"F:\\YEAR_3\\Application Framework\\Project\\system\\backend\\AF-Project\\models\\IT20122614\\Group.js": {"path":"F:\\YEAR_3\\Application Framework\\Project\\system\\backend\\AF-Project\\models\\IT20122614\\Group.js","statementMap":{"0":{"start":{"line":1,"column":20},"end":{"line":1,"column":34}},"1":{"start":{"line":2,"column":17},"end":{"line":2,"column":36}},"2":{"start":{"line":4,"column":15},"end":{"line":4,"column":30}},"3":{"start":{"line":6,"column":20},"end":{"line":31,"column":2}},"4":{"start":{"line":33,"column":14},"end":{"line":33,"column":59}},"5":{"start":{"line":34,"column":0},"end":{"line":34,"column":23}}},"fnMap":{},"branchMap":{},"s":{"0":7,"1":7,"2":7,"3":7,"4":7,"5":7},"f":{},"b":{},"_coverageSchema":"1a1c01bbd47fc00a2c39e90264f33305004495a9","hash":"7d70df8c45ff4de56f78b11904764a9e21626bee"}
,"F:\\YEAR_3\\Application Framework\\Project\\system\\backend\\AF-Project\\models\\IT20122614\\GroupMembers.js": {"path":"F:\\YEAR_3\\Application Framework\\Project\\system\\backend\\AF-Project\\models\\IT20122614\\GroupMembers.js","statementMap":{"0":{"start":{"line":1,"column":17},"end":{"line":1,"column":36}},"1":{"start":{"line":3,"column":15},"end":{"line":3,"column":30}},"2":{"start":{"line":5,"column":27},"end":{"line":31,"column":2}},"3":{"start":{"line":33,"column":21},"end":{"line":33,"column":71}},"4":{"start":{"line":34,"column":0},"end":{"line":34,"column":30}}},"fnMap":{},"branchMap":{},"s":{"0":7,"1":7,"2":7,"3":7,"4":7},"f":{},"b":{},"_coverageSchema":"1a1c01bbd47fc00a2c39e90264f33305004495a9","hash":"850a5cfa10b82ed4a34b9a46fb5055662efd0a40"}
,"F:\\YEAR_3\\Application Framework\\Project\\system\\backend\\AF-Project\\models\\IT20122614\\RegisterTopic.js": {"path":"F:\\YEAR_3\\Application Framework\\Project\\system\\backend\\AF-Project\\models\\IT20122614\\RegisterTopic.js","statementMap":{"0":{"start":{"line":1,"column":17},"end":{"line":1,"column":36}},"1":{"start":{"line":3,"column":15},"end":{"line":3,"column":30}},"2":{"start":{"line":5,"column":22},"end":{"line":24,"column":2}},"3":{"start":{"line":26,"column":14},"end":{"line":26,"column":61}},"4":{"start":{"line":27,"column":0},"end":{"line":27,"column":23}}},"fnMap":{},"branchMap":{},"s":{"0":7,"1":7,"2":7,"3":7,"4":7},"f":{},"b":{},"_coverageSchema":"1a1c01bbd47fc00a2c39e90264f33305004495a9","hash":"9e6d8f4e7f184a03b65a21597eb91db763b18448"}
,"F:\\YEAR_3\\Application Framework\\Project\\system\\backend\\AF-Project\\models\\IT20122614\\RequestSepervisor.js": {"path":"F:\\YEAR_3\\Application Framework\\Project\\system\\backend\\AF-Project\\models\\IT20122614\\RequestSepervisor.js","statementMap":{"0":{"start":{"line":1,"column":17},"end":{"line":1,"column":36}},"1":{"start":{"line":3,"column":21},"end":{"line":31,"column":2}},"2":{"start":{"line":33,"column":26},"end":{"line":33,"column":71}},"3":{"start":{"line":34,"column":0},"end":{"line":34,"column":35}}},"fnMap":{},"branchMap":{},"s":{"0":7,"1":7,"2":7,"3":7},"f":{},"b":{},"_coverageSchema":"1a1c01bbd47fc00a2c39e90264f33305004495a9","hash":"5d4e423ecc7ce6391f166ad4976f3564419c04a5"}
,"F:\\YEAR_3\\Application Framework\\Project\\system\\backend\\AF-Project\\models\\IT20122614\\Supervisor.js": {"path":"F:\\YEAR_3\\Application Framework\\Project\\system\\backend\\AF-Project\\models\\IT20122614\\Supervisor.js","statementMap":{"0":{"start":{"line":1,"column":17},"end":{"line":1,"column":36}},"1":{"start":{"line":3,"column":25},"end":{"line":10,"column":2}},"2":{"start":{"line":12,"column":19},"end":{"line":12,"column":61}},"3":{"start":{"line":13,"column":0},"end":{"line":13,"column":28}}},"fnMap":{},"branchMap":{},"s":{"0":7,"1":7,"2":7,"3":7},"f":{},"b":{},"_coverageSchema":"1a1c01bbd47fc00a2c39e90264f33305004495a9","hash":"1cbb541fe70b890436a715509e8d89930697babc"}
,"F:\\YEAR_3\\Application Framework\\Project\\system\\backend\\AF-Project\\models\\IT20122614\\User_IT20122614.js": {"path":"F:\\YEAR_3\\Application Framework\\Project\\system\\backend\\AF-Project\\models\\IT20122614\\User_IT20122614.js","statementMap":{"0":{"start":{"line":1,"column":17},"end":{"line":1,"column":36}},"1":{"start":{"line":3,"column":19},"end":{"line":35,"column":2}},"2":{"start":{"line":37,"column":13},"end":{"line":37,"column":48}},"3":{"start":{"line":38,"column":0},"end":{"line":38,"column":22}}},"fnMap":{},"branchMap":{},"s":{"0":7,"1":7,"2":7,"3":7},"f":{},"b":{},"_coverageSchema":"1a1c01bbd47fc00a2c39e90264f33305004495a9","hash":"6ae0f13df4bb597c26041071aa382f896e3730fd"}
,"F:\\YEAR_3\\Application Framework\\Project\\system\\backend\\AF-Project\\routes\\IT20122614\\StudentRoute.js": {"path":"F:\\YEAR_3\\Application Framework\\Project\\system\\backend\\AF-Project\\routes\\IT20122614\\StudentRoute.js","statementMap":{"0":{"start":{"line":1,"column":15},"end":{"line":1,"column":42}},"1":{"start":{"line":2,"column":19},"end":{"line":2,"column":64}},"2":{"start":{"line":3,"column":12},"end":{"line":3,"column":52}},"3":{"start":{"line":4,"column":21},"end":{"line":4,"column":68}},"4":{"start":{"line":5,"column":12},"end":{"line":5,"column":60}},"5":{"start":{"line":6,"column":26},"end":{"line":6,"column":78}},"6":{"start":{"line":7,"column":19},"end":{"line":7,"column":64}},"7":{"start":{"line":8,"column":13},"end":{"line":8,"column":63}},"8":{"start":{"line":9,"column":15},"end":{"line":9,"column":56}},"9":{"start":{"line":10,"column":35},"end":{"line":10,"column":63}},"10":{"start":{"line":13,"column":0},"end":{"line":37,"column":3}},"11":{"start":{"line":14,"column":2},"end":{"line":36,"column":3}},"12":{"start":{"line":15,"column":19},"end":{"line":15,"column":66}},"13":{"start":{"line":16,"column":20},"end":{"line":16,"column":36}},"14":{"start":{"line":17,"column":18},"end":{"line":17,"column":34}},"15":{"start":{"line":18,"column":20},"end":{"line":18,"column":36}},"16":{"start":{"line":19,"column":17},"end":{"line":19,"column":34}},"17":{"start":{"line":20,"column":19},"end":{"line":20,"column":24}},"18":{"start":{"line":21,"column":18},"end":{"line":21,"column":32}},"19":{"start":{"line":23,"column":19},"end":{"line":30,"column":6}},"20":{"start":{"line":31,"column":4},"end":{"line":31,"column":26}},"21":{"start":{"line":32,"column":4},"end":{"line":32,"column":23}},"22":{"start":{"line":33,"column":4},"end":{"line":33,"column":21}},"23":{"start":{"line":35,"column":4},"end":{"line":35,"column":21}},"24":{"start":{"line":39,"column":0},"end":{"line":85,"column":2}},"25":{"start":{"line":42,"column":4},"end":{"line":48,"column":7}},"26":{"start":{"line":45,"column":6},"end":{"line":47,"column":7}},"27":{"start":{"line":46,"column":8},"end":{"line":46,"column":34}},"28":{"start":{"line":52,"column":19},"end":{"line":52,"column":40}},"29":{"start":{"line":53,"column":20},"end":{"line":53,"column":36}},"30":{"start":{"line":54,"column":21},"end":{"line":54,"column":30}},"31":{"start":{"line":55,"column":19},"end":{"line":55,"column":34}},"32":{"start":{"line":56,"column":17},"end":{"line":56,"column":30}},"33":{"start":{"line":57,"column":18},"end":{"line":57,"column":32}},"34":{"start":{"line":58,"column":21},"end":{"line":58,"column":38}},"35":{"start":{"line":60,"column":24},"end":{"line":67,"column":6}},"36":{"start":{"line":68,"column":4},"end":{"line":83,"column":5}},"37":{"start":{"line":69,"column":6},"end":{"line":69,"column":34}},"38":{"start":{"line":70,"column":6},"end":{"line":73,"column":9}},"39":{"start":{"line":75,"column":6},"end":{"line":82,"column":11}},"40":{"start":{"line":78,"column":10},"end":{"line":78,"column":35}},"41":{"start":{"line":81,"column":10},"end":{"line":81,"column":27}},"42":{"start":{"line":87,"column":0},"end":{"line":130,"column":2}},"43":{"start":{"line":92,"column":4},"end":{"line":92,"column":48}},"44":{"start":{"line":93,"column":16},"end":{"line":93,"column":28}},"45":{"start":{"line":94,"column":19},"end":{"line":94,"column":40}},"46":{"start":{"line":95,"column":18},"end":{"line":95,"column":42}},"47":{"start":{"line":96,"column":18},"end":{"line":96,"column":32}},"48":{"start":{"line":97,"column":20},"end":{"line":97,"column":36}},"49":{"start":{"line":98,"column":20},"end":{"line":98,"column":35}},"50":{"start":{"line":99,"column":19},"end":{"line":99,"column":28}},"51":{"start":{"line":100,"column":21},"end":{"line":100,"column":38}},"52":{"start":{"line":102,"column":25},"end":{"line":110,"column":6}},"53":{"start":{"line":111,"column":4},"end":{"line":111,"column":21}},"54":{"start":{"line":112,"column":4},"end":{"line":128,"column":5}},"55":{"start":{"line":113,"column":6},"end":{"line":113,"column":26}},"56":{"start":{"line":114,"column":6},"end":{"line":117,"column":9}},"57":{"start":{"line":119,"column":6},"end":{"line":127,"column":11}},"58":{"start":{"line":122,"column":10},"end":{"line":122,"column":64}},"59":{"start":{"line":123,"column":10},"end":{"line":123,"column":25}},"60":{"start":{"line":126,"column":10},"end":{"line":126,"column":27}},"61":{"start":{"line":132,"column":0},"end":{"line":145,"column":3}},"62":{"start":{"line":133,"column":14},"end":{"line":133,"column":29}},"63":{"start":{"line":134,"column":17},"end":{"line":134,"column":35}},"64":{"start":{"line":137,"column":2},"end":{"line":144,"column":7}},"65":{"start":{"line":139,"column":6},"end":{"line":139,"column":27}},"66":{"start":{"line":140,"column":6},"end":{"line":140,"column":30}},"67":{"start":{"line":143,"column":6},"end":{"line":143,"column":23}},"68":{"start":{"line":160,"column":0},"end":{"line":224,"column":2}},"69":{"start":{"line":162,"column":4},"end":{"line":168,"column":7}},"70":{"start":{"line":165,"column":6},"end":{"line":167,"column":7}},"71":{"start":{"line":166,"column":8},"end":{"line":166,"column":35}},"72":{"start":{"line":180,"column":19},"end":{"line":180,"column":40}},"73":{"start":{"line":181,"column":20},"end":{"line":181,"column":36}},"74":{"start":{"line":182,"column":25},"end":{"line":182,"column":27}},"75":{"start":{"line":183,"column":27},"end":{"line":183,"column":29}},"76":{"start":{"line":184,"column":24},"end":{"line":184,"column":26}},"77":{"start":{"line":185,"column":19},"end":{"line":185,"column":21}},"78":{"start":{"line":186,"column":25},"end":{"line":186,"column":27}},"79":{"start":{"line":187,"column":21},"end":{"line":187,"column":23}},"80":{"start":{"line":188,"column":24},"end":{"line":188,"column":26}},"81":{"start":{"line":189,"column":22},"end":{"line":189,"column":26}},"82":{"start":{"line":190,"column":21},"end":{"line":190,"column":26}},"83":{"start":{"line":192,"column":4},"end":{"line":192,"column":25}},"84":{"start":{"line":194,"column":21},"end":{"line":205,"column":6}},"85":{"start":{"line":206,"column":4},"end":{"line":222,"column":5}},"86":{"start":{"line":207,"column":6},"end":{"line":207,"column":34}},"87":{"start":{"line":208,"column":6},"end":{"line":211,"column":9}},"88":{"start":{"line":213,"column":6},"end":{"line":221,"column":11}},"89":{"start":{"line":216,"column":10},"end":{"line":216,"column":34}},"90":{"start":{"line":217,"column":10},"end":{"line":217,"column":26}},"91":{"start":{"line":220,"column":10},"end":{"line":220,"column":27}},"92":{"start":{"line":227,"column":0},"end":{"line":251,"column":3}},"93":{"start":{"line":228,"column":2},"end":{"line":250,"column":3}},"94":{"start":{"line":229,"column":19},"end":{"line":229,"column":66}},"95":{"start":{"line":230,"column":4},"end":{"line":230,"column":24}},"96":{"start":{"line":231,"column":20},"end":{"line":231,"column":36}},"97":{"start":{"line":232,"column":18},"end":{"line":232,"column":32}},"98":{"start":{"line":233,"column":20},"end":{"line":233,"column":36}},"99":{"start":{"line":234,"column":17},"end":{"line":234,"column":34}},"100":{"start":{"line":235,"column":19},"end":{"line":235,"column":24}},"101":{"start":{"line":236,"column":18},"end":{"line":236,"column":32}},"102":{"start":{"line":237,"column":21},"end":{"line":244,"column":6}},"103":{"start":{"line":245,"column":4},"end":{"line":245,"column":26}},"104":{"start":{"line":246,"column":4},"end":{"line":246,"column":23}},"105":{"start":{"line":247,"column":4},"end":{"line":247,"column":34}},"106":{"start":{"line":249,"column":4},"end":{"line":249,"column":35}},"107":{"start":{"line":252,"column":0},"end":{"line":279,"column":3}},"108":{"start":{"line":253,"column":2},"end":{"line":278,"column":3}},"109":{"start":{"line":254,"column":21},"end":{"line":254,"column":37}},"110":{"start":{"line":256,"column":19},"end":{"line":260,"column":6}},"111":{"start":{"line":261,"column":20},"end":{"line":261,"column":41}},"112":{"start":{"line":263,"column":25},"end":{"line":263,"column":70}},"113":{"start":{"line":264,"column":20},"end":{"line":264,"column":36}},"114":{"start":{"line":271,"column":20},"end":{"line":271,"column":73}},"115":{"start":{"line":272,"column":4},"end":{"line":272,"column":25}},"116":{"start":{"line":273,"column":4},"end":{"line":273,"column":35}},"117":{"start":{"line":274,"column":4},"end":{"line":274,"column":21}},"118":{"start":{"line":276,"column":4},"end":{"line":276,"column":55}},"119":{"start":{"line":277,"column":4},"end":{"line":277,"column":23}},"120":{"start":{"line":280,"column":0},"end":{"line":301,"column":3}},"121":{"start":{"line":281,"column":2},"end":{"line":300,"column":3}},"122":{"start":{"line":282,"column":21},"end":{"line":282,"column":37}},"123":{"start":{"line":283,"column":19},"end":{"line":283,"column":66}},"124":{"start":{"line":284,"column":20},"end":{"line":284,"column":41}},"125":{"start":{"line":285,"column":19},"end":{"line":285,"column":58}},"126":{"start":{"line":286,"column":20},"end":{"line":286,"column":36}},"127":{"start":{"line":293,"column":20},"end":{"line":293,"column":67}},"128":{"start":{"line":294,"column":4},"end":{"line":294,"column":25}},"129":{"start":{"line":295,"column":4},"end":{"line":295,"column":35}},"130":{"start":{"line":296,"column":4},"end":{"line":296,"column":21}},"131":{"start":{"line":298,"column":4},"end":{"line":298,"column":23}},"132":{"start":{"line":299,"column":4},"end":{"line":299,"column":23}},"133":{"start":{"line":302,"column":0},"end":{"line":323,"column":3}},"134":{"start":{"line":303,"column":2},"end":{"line":322,"column":3}},"135":{"start":{"line":304,"column":21},"end":{"line":304,"column":37}},"136":{"start":{"line":305,"column":19},"end":{"line":305,"column":66}},"137":{"start":{"line":306,"column":20},"end":{"line":306,"column":41}},"138":{"start":{"line":307,"column":19},"end":{"line":307,"column":60}},"139":{"start":{"line":308,"column":20},"end":{"line":308,"column":36}},"140":{"start":{"line":315,"column":20},"end":{"line":315,"column":67}},"141":{"start":{"line":316,"column":4},"end":{"line":316,"column":25}},"142":{"start":{"line":317,"column":4},"end":{"line":317,"column":35}},"143":{"start":{"line":318,"column":4},"end":{"line":318,"column":21}},"144":{"start":{"line":320,"column":4},"end":{"line":320,"column":23}},"145":{"start":{"line":321,"column":4},"end":{"line":321,"column":23}},"146":{"start":{"line":324,"column":0},"end":{"line":345,"column":3}},"147":{"start":{"line":325,"column":2},"end":{"line":344,"column":3}},"148":{"start":{"line":326,"column":21},"end":{"line":326,"column":37}},"149":{"start":{"line":327,"column":19},"end":{"line":327,"column":66}},"150":{"start":{"line":328,"column":20},"end":{"line":328,"column":41}},"151":{"start":{"line":329,"column":19},"end":{"line":329,"column":63}},"152":{"start":{"line":330,"column":20},"end":{"line":330,"column":36}},"153":{"start":{"line":337,"column":20},"end":{"line":337,"column":67}},"154":{"start":{"line":338,"column":4},"end":{"line":338,"column":25}},"155":{"start":{"line":339,"column":4},"end":{"line":339,"column":35}},"156":{"start":{"line":340,"column":4},"end":{"line":340,"column":21}},"157":{"start":{"line":342,"column":4},"end":{"line":342,"column":23}},"158":{"start":{"line":343,"column":4},"end":{"line":343,"column":23}},"159":{"start":{"line":347,"column":0},"end":{"line":351,"column":3}},"160":{"start":{"line":348,"column":16},"end":{"line":348,"column":33}},"161":{"start":{"line":350,"column":2},"end":{"line":350,"column":18}},"162":{"start":{"line":353,"column":0},"end":{"line":357,"column":3}},"163":{"start":{"line":354,"column":16},"end":{"line":354,"column":34}},"164":{"start":{"line":356,"column":2},"end":{"line":356,"column":18}},"165":{"start":{"line":359,"column":0},"end":{"line":363,"column":3}},"166":{"start":{"line":360,"column":16},"end":{"line":360,"column":41}},"167":{"start":{"line":362,"column":2},"end":{"line":362,"column":18}},"168":{"start":{"line":365,"column":0},"end":{"line":369,"column":3}},"169":{"start":{"line":366,"column":16},"end":{"line":366,"column":57}},"170":{"start":{"line":368,"column":2},"end":{"line":368,"column":18}},"171":{"start":{"line":371,"column":0},"end":{"line":375,"column":3}},"172":{"start":{"line":372,"column":16},"end":{"line":372,"column":60}},"173":{"start":{"line":374,"column":2},"end":{"line":374,"column":18}},"174":{"start":{"line":377,"column":0},"end":{"line":381,"column":3}},"175":{"start":{"line":378,"column":16},"end":{"line":378,"column":34}},"176":{"start":{"line":380,"column":2},"end":{"line":380,"column":18}},"177":{"start":{"line":383,"column":0},"end":{"line":383,"column":24}}},"fnMap":{"0":{"name":"(anonymous_0)","decl":{"start":{"line":13,"column":48},"end":{"line":13,"column":49}},"loc":{"start":{"line":13,"column":68},"end":{"line":37,"column":1}},"line":13},"1":{"name":"(anonymous_1)","decl":{"start":{"line":41,"column":24},"end":{"line":41,"column":25}},"loc":{"start":{"line":41,"column":35},"end":{"line":49,"column":3}},"line":41},"2":{"name":"(anonymous_2)","decl":{"start":{"line":44,"column":12},"end":{"line":44,"column":13}},"loc":{"start":{"line":44,"column":22},"end":{"line":48,"column":5}},"line":44},"3":{"name":"(anonymous_3)","decl":{"start":{"line":50,"column":2},"end":{"line":50,"column":3}},"loc":{"start":{"line":50,"column":16},"end":{"line":84,"column":3}},"line":50},"4":{"name":"(anonymous_4)","decl":{"start":{"line":77,"column":14},"end":{"line":77,"column":15}},"loc":{"start":{"line":77,"column":20},"end":{"line":79,"column":9}},"line":77},"5":{"name":"(anonymous_5)","decl":{"start":{"line":80,"column":15},"end":{"line":80,"column":16}},"loc":{"start":{"line":80,"column":24},"end":{"line":82,"column":9}},"line":80},"6":{"name":"(anonymous_6)","decl":{"start":{"line":91,"column":2},"end":{"line":91,"column":3}},"loc":{"start":{"line":91,"column":16},"end":{"line":129,"column":3}},"line":91},"7":{"name":"(anonymous_7)","decl":{"start":{"line":121,"column":14},"end":{"line":121,"column":15}},"loc":{"start":{"line":121,"column":24},"end":{"line":124,"column":9}},"line":121},"8":{"name":"(anonymous_8)","decl":{"start":{"line":125,"column":15},"end":{"line":125,"column":16}},"loc":{"start":{"line":125,"column":24},"end":{"line":127,"column":9}},"line":125},"9":{"name":"(anonymous_9)","decl":{"start":{"line":132,"column":35},"end":{"line":132,"column":36}},"loc":{"start":{"line":132,"column":49},"end":{"line":145,"column":1}},"line":132},"10":{"name":"(anonymous_10)","decl":{"start":{"line":138,"column":10},"end":{"line":138,"column":11}},"loc":{"start":{"line":138,"column":26},"end":{"line":141,"column":5}},"line":138},"11":{"name":"(anonymous_11)","decl":{"start":{"line":142,"column":11},"end":{"line":142,"column":12}},"loc":{"start":{"line":142,"column":20},"end":{"line":144,"column":5}},"line":142},"12":{"name":"(anonymous_12)","decl":{"start":{"line":161,"column":25},"end":{"line":161,"column":26}},"loc":{"start":{"line":161,"column":36},"end":{"line":169,"column":3}},"line":161},"13":{"name":"(anonymous_13)","decl":{"start":{"line":164,"column":12},"end":{"line":164,"column":13}},"loc":{"start":{"line":164,"column":22},"end":{"line":168,"column":5}},"line":164},"14":{"name":"(anonymous_14)","decl":{"start":{"line":170,"column":2},"end":{"line":170,"column":3}},"loc":{"start":{"line":170,"column":16},"end":{"line":223,"column":3}},"line":170},"15":{"name":"(anonymous_15)","decl":{"start":{"line":215,"column":14},"end":{"line":215,"column":15}},"loc":{"start":{"line":215,"column":20},"end":{"line":218,"column":9}},"line":215},"16":{"name":"(anonymous_16)","decl":{"start":{"line":219,"column":15},"end":{"line":219,"column":16}},"loc":{"start":{"line":219,"column":24},"end":{"line":221,"column":9}},"line":219},"17":{"name":"(anonymous_17)","decl":{"start":{"line":227,"column":50},"end":{"line":227,"column":51}},"loc":{"start":{"line":227,"column":70},"end":{"line":251,"column":1}},"line":227},"18":{"name":"(anonymous_18)","decl":{"start":{"line":252,"column":52},"end":{"line":252,"column":53}},"loc":{"start":{"line":252,"column":72},"end":{"line":279,"column":1}},"line":252},"19":{"name":"(anonymous_19)","decl":{"start":{"line":280,"column":46},"end":{"line":280,"column":47}},"loc":{"start":{"line":280,"column":66},"end":{"line":301,"column":1}},"line":280},"20":{"name":"(anonymous_20)","decl":{"start":{"line":302,"column":48},"end":{"line":302,"column":49}},"loc":{"start":{"line":302,"column":68},"end":{"line":323,"column":1}},"line":302},"21":{"name":"(anonymous_21)","decl":{"start":{"line":324,"column":46},"end":{"line":324,"column":47}},"loc":{"start":{"line":324,"column":66},"end":{"line":345,"column":1}},"line":324},"22":{"name":"(anonymous_22)","decl":{"start":{"line":347,"column":24},"end":{"line":347,"column":25}},"loc":{"start":{"line":347,"column":44},"end":{"line":351,"column":1}},"line":347},"23":{"name":"(anonymous_23)","decl":{"start":{"line":353,"column":24},"end":{"line":353,"column":25}},"loc":{"start":{"line":353,"column":44},"end":{"line":357,"column":1}},"line":353},"24":{"name":"(anonymous_24)","decl":{"start":{"line":359,"column":31},"end":{"line":359,"column":32}},"loc":{"start":{"line":359,"column":51},"end":{"line":363,"column":1}},"line":359},"25":{"name":"(anonymous_25)","decl":{"start":{"line":365,"column":30},"end":{"line":365,"column":31}},"loc":{"start":{"line":365,"column":50},"end":{"line":369,"column":1}},"line":365},"26":{"name":"(anonymous_26)","decl":{"start":{"line":371,"column":32},"end":{"line":371,"column":33}},"loc":{"start":{"line":371,"column":52},"end":{"line":375,"column":1}},"line":371},"27":{"name":"(anonymous_27)","decl":{"start":{"line":377,"column":28},"end":{"line":377,"column":29}},"loc":{"start":{"line":377,"column":48},"end":{"line":381,"column":1}},"line":377}},"branchMap":{"0":{"loc":{"start":{"line":45,"column":6},"end":{"line":47,"column":7}},"type":"if","locations":[{"start":{"line":45,"column":6},"end":{"line":47,"column":7}},{"start":{},"end":{}}],"line":45},"1":{"loc":{"start":{"line":68,"column":4},"end":{"line":83,"column":5}},"type":"if","locations":[{"start":{"line":68,"column":4},"end":{"line":83,"column":5}},{"start":{"line":74,"column":11},"end":{"line":83,"column":5}}],"line":68},"2":{"loc":{"start":{"line":112,"column":4},"end":{"line":128,"column":5}},"type":"if","locations":[{"start":{"line":112,"column":4},"end":{"line":128,"column":5}},{"start":{"line":118,"column":11},"end":{"line":128,"column":5}}],"line":112},"3":{"loc":{"start":{"line":165,"column":6},"end":{"line":167,"column":7}},"type":"if","locations":[{"start":{"line":165,"column":6},"end":{"line":167,"column":7}},{"start":{},"end":{}}],"line":165},"4":{"loc":{"start":{"line":206,"column":4},"end":{"line":222,"column":5}},"type":"if","locations":[{"start":{"line":206,"column":4},"end":{"line":222,"column":5}},{"start":{"line":212,"column":11},"end":{"line":222,"column":5}}],"line":206}},"s":{"0":7,"1":7,"2":7,"3":7,"4":7,"5":7,"6":7,"7":7,"8":7,"9":7,"10":7,"11":0,"12":0,"13":0,"14":0,"15":0,"16":0,"17":0,"18":0,"19":0,"20":0,"21":0,"22":0,"23":0,"24":7,"25":2,"26":2,"27":2,"28":2,"29":2,"30":2,"31":2,"32":2,"33":2,"34":2,"35":2,"36":2,"37":2,"38":2,"39":0,"40":0,"41":0,"42":7,"43":2,"44":2,"45":2,"46":2,"47":2,"48":2,"49":2,"50":2,"51":2,"52":2,"53":2,"54":2,"55":1,"56":1,"57":1,"58":1,"59":1,"60":0,"61":7,"62":0,"63":0,"64":0,"65":0,"66":0,"67":0,"68":7,"69":1,"70":1,"71":0,"72":1,"73":1,"74":1,"75":1,"76":1,"77":1,"78":1,"79":1,"80":1,"81":1,"82":1,"83":1,"84":1,"85":1,"86":0,"87":0,"88":1,"89":1,"90":1,"91":0,"92":7,"93":0,"94":0,"95":0,"96":0,"97":0,"98":0,"99":0,"100":0,"101":0,"102":0,"103":0,"104":0,"105":0,"106":0,"107":7,"108":0,"109":0,"110":0,"111":0,"112":0,"113":0,"114":0,"115":0,"116":0,"117":0,"118":0,"119":0,"120":7,"121":0,"122":0,"123":0,"124":0,"125":0,"126":0,"127":0,"128":0,"129":0,"130":0,"131":0,"132":0,"133":7,"134":0,"135":0,"136":0,"137":0,"138":0,"139":0,"140":0,"141":0,"142":0,"143":0,"144":0,"145":0,"146":7,"147":0,"148":0,"149":0,"150":0,"151":0,"152":0,"153":0,"154":0,"155":0,"156":0,"157":0,"158":0,"159":7,"160":1,"161":1,"162":7,"163":1,"164":1,"165":7,"166":1,"167":1,"168":7,"169":1,"170":1,"171":7,"172":1,"173":1,"174":7,"175":1,"176":1,"177":7},"f":{"0":0,"1":2,"2":2,"3":2,"4":0,"5":0,"6":2,"7":1,"8":0,"9":0,"10":0,"11":0,"12":1,"13":1,"14":1,"15":1,"16":0,"17":0,"18":0,"19":0,"20":0,"21":0,"22":1,"23":1,"24":1,"25":1,"26":1,"27":1},"b":{"0":[2,0],"1":[2,0],"2":[1,1],"3":[0,1],"4":[0,1]},"_coverageSchema":"1a1c01bbd47fc00a2c39e90264f33305004495a9","hash":"92324011203f5daa54bf71fd7135acd192bf7532"}
}
