{"F:\\YEAR_3\\Application Framework\\Project\\system\\backend\\AF-Project\\index.js": {"path":"F:\\YEAR_3\\Application Framework\\Project\\system\\backend\\AF-Project\\index.js","statementMap":{"0":{"start":{"line":1,"column":16},"end":{"line":1,"column":34}},"1":{"start":{"line":2,"column":17},"end":{"line":2,"column":36}},"2":{"start":{"line":3,"column":13},"end":{"line":3,"column":28}},"3":{"start":{"line":4,"column":19},"end":{"line":4,"column":41}},"4":{"start":{"line":5,"column":13},"end":{"line":5,"column":28}},"5":{"start":{"line":6,"column":11},"end":{"line":6,"column":24}},"6":{"start":{"line":7,"column":15},"end":{"line":7,"column":32}},"7":{"start":{"line":8,"column":0},"end":{"line":8,"column":27}},"8":{"start":{"line":9,"column":12},"end":{"line":9,"column":21}},"9":{"start":{"line":11,"column":13},"end":{"line":11,"column":37}},"10":{"start":{"line":12,"column":12},"end":{"line":12,"column":35}},"11":{"start":{"line":14,"column":0},"end":{"line":14,"column":16}},"12":{"start":{"line":15,"column":0},"end":{"line":15,"column":27}},"13":{"start":{"line":17,"column":0},"end":{"line":20,"column":3}},"14":{"start":{"line":22,"column":19},"end":{"line":22,"column":38}},"15":{"start":{"line":23,"column":0},"end":{"line":25,"column":3}},"16":{"start":{"line":24,"column":2},"end":{"line":24,"column":45}},"17":{"start":{"line":27,"column":22},"end":{"line":27,"column":65}},"18":{"start":{"line":28,"column":0},"end":{"line":28,"column":40}},"19":{"start":{"line":30,"column":15},"end":{"line":32,"column":2}},"20":{"start":{"line":31,"column":2},"end":{"line":31,"column":38}},"21":{"start":{"line":34,"column":0},"end":{"line":34,"column":24}}},"fnMap":{"0":{"name":"(anonymous_0)","decl":{"start":{"line":23,"column":24},"end":{"line":23,"column":25}},"loc":{"start":{"line":23,"column":30},"end":{"line":25,"column":1}},"line":23},"1":{"name":"(anonymous_1)","decl":{"start":{"line":30,"column":32},"end":{"line":30,"column":33}},"loc":{"start":{"line":30,"column":38},"end":{"line":32,"column":1}},"line":30}},"branchMap":{"0":{"loc":{"start":{"line":11,"column":13},"end":{"line":11,"column":37}},"type":"binary-expr","locations":[{"start":{"line":11,"column":13},"end":{"line":11,"column":29}},{"start":{"line":11,"column":33},"end":{"line":11,"column":37}}],"line":11}},"s":{"0":2,"1":2,"2":2,"3":2,"4":2,"5":2,"6":2,"7":2,"8":2,"9":2,"10":2,"11":2,"12":2,"13":2,"14":2,"15":2,"16":2,"17":2,"18":2,"19":2,"20":2,"21":2},"f":{"0":2,"1":2},"b":{"0":[2,2]},"_coverageSchema":"1a1c01bbd47fc00a2c39e90264f33305004495a9","hash":"263c1b485dc3c79c37dfafc930d2dcca0fd82b58"}
,"F:\\YEAR_3\\Application Framework\\Project\\system\\backend\\AF-Project\\config\\it20122614\\cloudinary.js": {"path":"F:\\YEAR_3\\Application Framework\\Project\\system\\backend\\AF-Project\\config\\it20122614\\cloudinary.js","statementMap":{"0":{"start":{"line":1,"column":19},"end":{"line":1,"column":43}},"1":{"start":{"line":3,"column":0},"end":{"line":7,"column":3}},"2":{"start":{"line":8,"column":0},"end":{"line":8,"column":28}}},"fnMap":{},"branchMap":{},"s":{"0":2,"1":2,"2":2},"f":{},"b":{},"_coverageSchema":"1a1c01bbd47fc00a2c39e90264f33305004495a9","hash":"648cf7a8efbc766f9e3746cbbed6fb8bd32213af"}
,"F:\\YEAR_3\\Application Framework\\Project\\system\\backend\\AF-Project\\config\\it20122614\\multer.js": {"path":"F:\\YEAR_3\\Application Framework\\Project\\system\\backend\\AF-Project\\config\\it20122614\\multer.js","statementMap":{"0":{"start":{"line":1,"column":15},"end":{"line":1,"column":32}},"1":{"start":{"line":2,"column":13},"end":{"line":2,"column":28}},"2":{"start":{"line":4,"column":0},"end":{"line":21,"column":3}},"3":{"start":{"line":7,"column":14},"end":{"line":7,"column":45}},"4":{"start":{"line":8,"column":4},"end":{"line":18,"column":5}},"5":{"start":{"line":16,"column":6},"end":{"line":16,"column":57}},"6":{"start":{"line":17,"column":6},"end":{"line":17,"column":13}},"7":{"start":{"line":19,"column":4},"end":{"line":19,"column":19}}},"fnMap":{"0":{"name":"(anonymous_0)","decl":{"start":{"line":6,"column":14},"end":{"line":6,"column":15}},"loc":{"start":{"line":6,"column":33},"end":{"line":20,"column":3}},"line":6}},"branchMap":{"0":{"loc":{"start":{"line":8,"column":4},"end":{"line":18,"column":5}},"type":"if","locations":[{"start":{"line":8,"column":4},"end":{"line":18,"column":5}},{"start":{},"end":{}}],"line":8},"1":{"loc":{"start":{"line":9,"column":6},"end":{"line":14,"column":21}},"type":"binary-expr","locations":[{"start":{"line":9,"column":6},"end":{"line":9,"column":20}},{"start":{"line":10,"column":6},"end":{"line":10,"column":21}},{"start":{"line":11,"column":6},"end":{"line":11,"column":20}},{"start":{"line":12,"column":6},"end":{"line":12,"column":20}},{"start":{"line":13,"column":6},"end":{"line":13,"column":20}},{"start":{"line":14,"column":6},"end":{"line":14,"column":21}}],"line":9}},"s":{"0":2,"1":2,"2":2,"3":0,"4":0,"5":0,"6":0,"7":0},"f":{"0":0},"b":{"0":[0,0],"1":[0,0,0,0,0,0]},"_coverageSchema":"1a1c01bbd47fc00a2c39e90264f33305004495a9","hash":"13699c9780dc6ca2639e6244e0c1740bb360270d"}
,"F:\\YEAR_3\\Application Framework\\Project\\system\\backend\\AF-Project\\models\\IT20122614\\Group.js": {"path":"F:\\YEAR_3\\Application Framework\\Project\\system\\backend\\AF-Project\\models\\IT20122614\\Group.js","statementMap":{"0":{"start":{"line":1,"column":20},"end":{"line":1,"column":34}},"1":{"start":{"line":2,"column":17},"end":{"line":2,"column":36}},"2":{"start":{"line":4,"column":15},"end":{"line":4,"column":30}},"3":{"start":{"line":6,"column":20},"end":{"line":31,"column":2}},"4":{"start":{"line":33,"column":14},"end":{"line":33,"column":59}},"5":{"start":{"line":34,"column":0},"end":{"line":34,"column":23}}},"fnMap":{},"branchMap":{},"s":{"0":2,"1":2,"2":2,"3":2,"4":2,"5":2},"f":{},"b":{},"_coverageSchema":"1a1c01bbd47fc00a2c39e90264f33305004495a9","hash":"7d70df8c45ff4de56f78b11904764a9e21626bee"}
,"F:\\YEAR_3\\Application Framework\\Project\\system\\backend\\AF-Project\\models\\IT20122614\\GroupMembers.js": {"path":"F:\\YEAR_3\\Application Framework\\Project\\system\\backend\\AF-Project\\models\\IT20122614\\GroupMembers.js","statementMap":{"0":{"start":{"line":1,"column":17},"end":{"line":1,"column":36}},"1":{"start":{"line":3,"column":15},"end":{"line":3,"column":30}},"2":{"start":{"line":5,"column":27},"end":{"line":31,"column":2}},"3":{"start":{"line":33,"column":21},"end":{"line":33,"column":71}},"4":{"start":{"line":34,"column":0},"end":{"line":34,"column":30}}},"fnMap":{},"branchMap":{},"s":{"0":2,"1":2,"2":2,"3":2,"4":2},"f":{},"b":{},"_coverageSchema":"1a1c01bbd47fc00a2c39e90264f33305004495a9","hash":"850a5cfa10b82ed4a34b9a46fb5055662efd0a40"}
,"F:\\YEAR_3\\Application Framework\\Project\\system\\backend\\AF-Project\\models\\IT20122614\\RegisterTopic.js": {"path":"F:\\YEAR_3\\Application Framework\\Project\\system\\backend\\AF-Project\\models\\IT20122614\\RegisterTopic.js","statementMap":{"0":{"start":{"line":1,"column":17},"end":{"line":1,"column":36}},"1":{"start":{"line":3,"column":15},"end":{"line":3,"column":30}},"2":{"start":{"line":5,"column":22},"end":{"line":24,"column":2}},"3":{"start":{"line":26,"column":14},"end":{"line":26,"column":61}},"4":{"start":{"line":27,"column":0},"end":{"line":27,"column":23}}},"fnMap":{},"branchMap":{},"s":{"0":2,"1":2,"2":2,"3":2,"4":2},"f":{},"b":{},"_coverageSchema":"1a1c01bbd47fc00a2c39e90264f33305004495a9","hash":"9e6d8f4e7f184a03b65a21597eb91db763b18448"}
,"F:\\YEAR_3\\Application Framework\\Project\\system\\backend\\AF-Project\\models\\IT20122614\\RequestSepervisor.js": {"path":"F:\\YEAR_3\\Application Framework\\Project\\system\\backend\\AF-Project\\models\\IT20122614\\RequestSepervisor.js","statementMap":{"0":{"start":{"line":1,"column":17},"end":{"line":1,"column":36}},"1":{"start":{"line":3,"column":21},"end":{"line":31,"column":2}},"2":{"start":{"line":33,"column":26},"end":{"line":33,"column":71}},"3":{"start":{"line":34,"column":0},"end":{"line":34,"column":35}}},"fnMap":{},"branchMap":{},"s":{"0":2,"1":2,"2":2,"3":2},"f":{},"b":{},"_coverageSchema":"1a1c01bbd47fc00a2c39e90264f33305004495a9","hash":"5d4e423ecc7ce6391f166ad4976f3564419c04a5"}
,"F:\\YEAR_3\\Application Framework\\Project\\system\\backend\\AF-Project\\models\\IT20122614\\Supervisor.js": {"path":"F:\\YEAR_3\\Application Framework\\Project\\system\\backend\\AF-Project\\models\\IT20122614\\Supervisor.js","statementMap":{"0":{"start":{"line":1,"column":17},"end":{"line":1,"column":36}},"1":{"start":{"line":3,"column":25},"end":{"line":10,"column":2}},"2":{"start":{"line":12,"column":19},"end":{"line":12,"column":61}},"3":{"start":{"line":13,"column":0},"end":{"line":13,"column":28}}},"fnMap":{},"branchMap":{},"s":{"0":2,"1":2,"2":2,"3":2},"f":{},"b":{},"_coverageSchema":"1a1c01bbd47fc00a2c39e90264f33305004495a9","hash":"1cbb541fe70b890436a715509e8d89930697babc"}
,"F:\\YEAR_3\\Application Framework\\Project\\system\\backend\\AF-Project\\models\\IT20122614\\User_IT20122614.js": {"path":"F:\\YEAR_3\\Application Framework\\Project\\system\\backend\\AF-Project\\models\\IT20122614\\User_IT20122614.js","statementMap":{"0":{"start":{"line":1,"column":17},"end":{"line":1,"column":36}},"1":{"start":{"line":3,"column":19},"end":{"line":35,"column":2}},"2":{"start":{"line":37,"column":13},"end":{"line":37,"column":48}},"3":{"start":{"line":38,"column":0},"end":{"line":38,"column":22}}},"fnMap":{},"branchMap":{},"s":{"0":2,"1":2,"2":2,"3":2},"f":{},"b":{},"_coverageSchema":"1a1c01bbd47fc00a2c39e90264f33305004495a9","hash":"6ae0f13df4bb597c26041071aa382f896e3730fd"}
,"F:\\YEAR_3\\Application Framework\\Project\\system\\backend\\AF-Project\\routes\\IT20122614\\StudentRoute.js": {"path":"F:\\YEAR_3\\Application Framework\\Project\\system\\backend\\AF-Project\\routes\\IT20122614\\StudentRoute.js","statementMap":{"0":{"start":{"line":1,"column":15},"end":{"line":1,"column":42}},"1":{"start":{"line":2,"column":19},"end":{"line":2,"column":64}},"2":{"start":{"line":3,"column":12},"end":{"line":3,"column":52}},"3":{"start":{"line":4,"column":21},"end":{"line":4,"column":68}},"4":{"start":{"line":5,"column":12},"end":{"line":5,"column":60}},"5":{"start":{"line":6,"column":26},"end":{"line":6,"column":78}},"6":{"start":{"line":7,"column":19},"end":{"line":7,"column":64}},"7":{"start":{"line":8,"column":13},"end":{"line":8,"column":63}},"8":{"start":{"line":9,"column":15},"end":{"line":9,"column":56}},"9":{"start":{"line":10,"column":35},"end":{"line":10,"column":63}},"10":{"start":{"line":12,"column":0},"end":{"line":12,"column":47}},"11":{"start":{"line":14,"column":2},"end":{"line":14,"column":54}},"12":{"start":{"line":17,"column":0},"end":{"line":41,"column":3}},"13":{"start":{"line":18,"column":2},"end":{"line":40,"column":3}},"14":{"start":{"line":19,"column":19},"end":{"line":19,"column":66}},"15":{"start":{"line":20,"column":20},"end":{"line":20,"column":36}},"16":{"start":{"line":21,"column":18},"end":{"line":21,"column":34}},"17":{"start":{"line":22,"column":20},"end":{"line":22,"column":36}},"18":{"start":{"line":23,"column":17},"end":{"line":23,"column":34}},"19":{"start":{"line":24,"column":19},"end":{"line":24,"column":24}},"20":{"start":{"line":25,"column":18},"end":{"line":25,"column":32}},"21":{"start":{"line":27,"column":19},"end":{"line":34,"column":6}},"22":{"start":{"line":35,"column":4},"end":{"line":35,"column":26}},"23":{"start":{"line":36,"column":4},"end":{"line":36,"column":23}},"24":{"start":{"line":37,"column":4},"end":{"line":37,"column":21}},"25":{"start":{"line":39,"column":4},"end":{"line":39,"column":21}},"26":{"start":{"line":43,"column":0},"end":{"line":89,"column":2}},"27":{"start":{"line":46,"column":4},"end":{"line":52,"column":7}},"28":{"start":{"line":49,"column":6},"end":{"line":51,"column":7}},"29":{"start":{"line":50,"column":8},"end":{"line":50,"column":34}},"30":{"start":{"line":56,"column":19},"end":{"line":56,"column":40}},"31":{"start":{"line":57,"column":20},"end":{"line":57,"column":36}},"32":{"start":{"line":58,"column":21},"end":{"line":58,"column":30}},"33":{"start":{"line":59,"column":19},"end":{"line":59,"column":34}},"34":{"start":{"line":60,"column":17},"end":{"line":60,"column":30}},"35":{"start":{"line":61,"column":18},"end":{"line":61,"column":32}},"36":{"start":{"line":62,"column":21},"end":{"line":62,"column":38}},"37":{"start":{"line":64,"column":24},"end":{"line":71,"column":6}},"38":{"start":{"line":72,"column":4},"end":{"line":87,"column":5}},"39":{"start":{"line":73,"column":6},"end":{"line":73,"column":34}},"40":{"start":{"line":74,"column":6},"end":{"line":77,"column":9}},"41":{"start":{"line":79,"column":6},"end":{"line":86,"column":11}},"42":{"start":{"line":82,"column":10},"end":{"line":82,"column":35}},"43":{"start":{"line":85,"column":10},"end":{"line":85,"column":27}},"44":{"start":{"line":91,"column":0},"end":{"line":134,"column":2}},"45":{"start":{"line":96,"column":4},"end":{"line":96,"column":48}},"46":{"start":{"line":97,"column":16},"end":{"line":97,"column":28}},"47":{"start":{"line":98,"column":19},"end":{"line":98,"column":40}},"48":{"start":{"line":99,"column":18},"end":{"line":99,"column":42}},"49":{"start":{"line":100,"column":18},"end":{"line":100,"column":32}},"50":{"start":{"line":101,"column":20},"end":{"line":101,"column":36}},"51":{"start":{"line":102,"column":20},"end":{"line":102,"column":35}},"52":{"start":{"line":103,"column":19},"end":{"line":103,"column":28}},"53":{"start":{"line":104,"column":21},"end":{"line":104,"column":38}},"54":{"start":{"line":106,"column":25},"end":{"line":114,"column":6}},"55":{"start":{"line":115,"column":4},"end":{"line":115,"column":21}},"56":{"start":{"line":116,"column":4},"end":{"line":132,"column":5}},"57":{"start":{"line":117,"column":6},"end":{"line":117,"column":26}},"58":{"start":{"line":118,"column":6},"end":{"line":121,"column":9}},"59":{"start":{"line":123,"column":6},"end":{"line":131,"column":11}},"60":{"start":{"line":126,"column":10},"end":{"line":126,"column":64}},"61":{"start":{"line":127,"column":10},"end":{"line":127,"column":25}},"62":{"start":{"line":130,"column":10},"end":{"line":130,"column":27}},"63":{"start":{"line":136,"column":0},"end":{"line":149,"column":3}},"64":{"start":{"line":137,"column":14},"end":{"line":137,"column":29}},"65":{"start":{"line":138,"column":17},"end":{"line":138,"column":35}},"66":{"start":{"line":141,"column":2},"end":{"line":148,"column":7}},"67":{"start":{"line":143,"column":6},"end":{"line":143,"column":27}},"68":{"start":{"line":144,"column":6},"end":{"line":144,"column":30}},"69":{"start":{"line":147,"column":6},"end":{"line":147,"column":23}},"70":{"start":{"line":165,"column":0},"end":{"line":228,"column":2}},"71":{"start":{"line":167,"column":4},"end":{"line":173,"column":7}},"72":{"start":{"line":170,"column":6},"end":{"line":172,"column":7}},"73":{"start":{"line":171,"column":8},"end":{"line":171,"column":35}},"74":{"start":{"line":185,"column":19},"end":{"line":185,"column":40}},"75":{"start":{"line":186,"column":20},"end":{"line":186,"column":36}},"76":{"start":{"line":187,"column":25},"end":{"line":187,"column":27}},"77":{"start":{"line":188,"column":27},"end":{"line":188,"column":29}},"78":{"start":{"line":189,"column":24},"end":{"line":189,"column":26}},"79":{"start":{"line":190,"column":19},"end":{"line":190,"column":21}},"80":{"start":{"line":191,"column":25},"end":{"line":191,"column":27}},"81":{"start":{"line":192,"column":21},"end":{"line":192,"column":23}},"82":{"start":{"line":193,"column":24},"end":{"line":193,"column":26}},"83":{"start":{"line":194,"column":22},"end":{"line":194,"column":26}},"84":{"start":{"line":195,"column":21},"end":{"line":195,"column":26}},"85":{"start":{"line":197,"column":4},"end":{"line":197,"column":25}},"86":{"start":{"line":199,"column":21},"end":{"line":210,"column":6}},"87":{"start":{"line":211,"column":4},"end":{"line":226,"column":5}},"88":{"start":{"line":212,"column":6},"end":{"line":212,"column":34}},"89":{"start":{"line":213,"column":6},"end":{"line":216,"column":9}},"90":{"start":{"line":218,"column":6},"end":{"line":225,"column":11}},"91":{"start":{"line":221,"column":10},"end":{"line":221,"column":34}},"92":{"start":{"line":224,"column":10},"end":{"line":224,"column":27}},"93":{"start":{"line":231,"column":0},"end":{"line":254,"column":3}},"94":{"start":{"line":232,"column":2},"end":{"line":253,"column":3}},"95":{"start":{"line":233,"column":19},"end":{"line":233,"column":66}},"96":{"start":{"line":234,"column":4},"end":{"line":234,"column":24}},"97":{"start":{"line":235,"column":20},"end":{"line":235,"column":36}},"98":{"start":{"line":236,"column":18},"end":{"line":236,"column":32}},"99":{"start":{"line":237,"column":20},"end":{"line":237,"column":36}},"100":{"start":{"line":238,"column":17},"end":{"line":238,"column":34}},"101":{"start":{"line":239,"column":19},"end":{"line":239,"column":24}},"102":{"start":{"line":240,"column":18},"end":{"line":240,"column":32}},"103":{"start":{"line":241,"column":21},"end":{"line":248,"column":6}},"104":{"start":{"line":249,"column":4},"end":{"line":249,"column":26}},"105":{"start":{"line":250,"column":4},"end":{"line":250,"column":23}},"106":{"start":{"line":252,"column":4},"end":{"line":252,"column":35}},"107":{"start":{"line":255,"column":0},"end":{"line":282,"column":3}},"108":{"start":{"line":256,"column":2},"end":{"line":281,"column":3}},"109":{"start":{"line":257,"column":21},"end":{"line":257,"column":37}},"110":{"start":{"line":259,"column":19},"end":{"line":263,"column":6}},"111":{"start":{"line":264,"column":20},"end":{"line":264,"column":41}},"112":{"start":{"line":266,"column":25},"end":{"line":266,"column":70}},"113":{"start":{"line":267,"column":20},"end":{"line":267,"column":36}},"114":{"start":{"line":274,"column":20},"end":{"line":274,"column":73}},"115":{"start":{"line":275,"column":4},"end":{"line":275,"column":25}},"116":{"start":{"line":276,"column":4},"end":{"line":276,"column":35}},"117":{"start":{"line":277,"column":4},"end":{"line":277,"column":21}},"118":{"start":{"line":279,"column":4},"end":{"line":279,"column":55}},"119":{"start":{"line":280,"column":4},"end":{"line":280,"column":23}},"120":{"start":{"line":283,"column":0},"end":{"line":304,"column":3}},"121":{"start":{"line":284,"column":2},"end":{"line":303,"column":3}},"122":{"start":{"line":285,"column":21},"end":{"line":285,"column":37}},"123":{"start":{"line":286,"column":19},"end":{"line":286,"column":66}},"124":{"start":{"line":287,"column":20},"end":{"line":287,"column":41}},"125":{"start":{"line":288,"column":19},"end":{"line":288,"column":58}},"126":{"start":{"line":289,"column":20},"end":{"line":289,"column":36}},"127":{"start":{"line":296,"column":20},"end":{"line":296,"column":67}},"128":{"start":{"line":297,"column":4},"end":{"line":297,"column":25}},"129":{"start":{"line":298,"column":4},"end":{"line":298,"column":35}},"130":{"start":{"line":299,"column":4},"end":{"line":299,"column":21}},"131":{"start":{"line":301,"column":4},"end":{"line":301,"column":23}},"132":{"start":{"line":302,"column":4},"end":{"line":302,"column":23}},"133":{"start":{"line":305,"column":0},"end":{"line":326,"column":3}},"134":{"start":{"line":306,"column":2},"end":{"line":325,"column":3}},"135":{"start":{"line":307,"column":21},"end":{"line":307,"column":37}},"136":{"start":{"line":308,"column":19},"end":{"line":308,"column":66}},"137":{"start":{"line":309,"column":20},"end":{"line":309,"column":41}},"138":{"start":{"line":310,"column":19},"end":{"line":310,"column":60}},"139":{"start":{"line":311,"column":20},"end":{"line":311,"column":36}},"140":{"start":{"line":318,"column":20},"end":{"line":318,"column":67}},"141":{"start":{"line":319,"column":4},"end":{"line":319,"column":25}},"142":{"start":{"line":320,"column":4},"end":{"line":320,"column":35}},"143":{"start":{"line":321,"column":4},"end":{"line":321,"column":21}},"144":{"start":{"line":323,"column":4},"end":{"line":323,"column":23}},"145":{"start":{"line":324,"column":4},"end":{"line":324,"column":23}},"146":{"start":{"line":327,"column":0},"end":{"line":348,"column":3}},"147":{"start":{"line":328,"column":2},"end":{"line":347,"column":3}},"148":{"start":{"line":329,"column":21},"end":{"line":329,"column":37}},"149":{"start":{"line":330,"column":19},"end":{"line":330,"column":66}},"150":{"start":{"line":331,"column":20},"end":{"line":331,"column":41}},"151":{"start":{"line":332,"column":19},"end":{"line":332,"column":63}},"152":{"start":{"line":333,"column":20},"end":{"line":333,"column":36}},"153":{"start":{"line":340,"column":20},"end":{"line":340,"column":67}},"154":{"start":{"line":341,"column":4},"end":{"line":341,"column":25}},"155":{"start":{"line":342,"column":4},"end":{"line":342,"column":35}},"156":{"start":{"line":343,"column":4},"end":{"line":343,"column":21}},"157":{"start":{"line":345,"column":4},"end":{"line":345,"column":23}},"158":{"start":{"line":346,"column":4},"end":{"line":346,"column":23}},"159":{"start":{"line":350,"column":0},"end":{"line":356,"column":3}},"160":{"start":{"line":352,"column":16},"end":{"line":352,"column":33}},"161":{"start":{"line":354,"column":2},"end":{"line":354,"column":18}},"162":{"start":{"line":358,"column":0},"end":{"line":364,"column":3}},"163":{"start":{"line":360,"column":16},"end":{"line":360,"column":34}},"164":{"start":{"line":362,"column":2},"end":{"line":362,"column":18}},"165":{"start":{"line":366,"column":0},"end":{"line":372,"column":3}},"166":{"start":{"line":368,"column":16},"end":{"line":368,"column":41}},"167":{"start":{"line":370,"column":2},"end":{"line":370,"column":18}},"168":{"start":{"line":374,"column":0},"end":{"line":374,"column":24}}},"fnMap":{"0":{"name":"userReportHandler","decl":{"start":{"line":13,"column":9},"end":{"line":13,"column":26}},"loc":{"start":{"line":13,"column":37},"end":{"line":15,"column":1}},"line":13},"1":{"name":"(anonymous_1)","decl":{"start":{"line":17,"column":48},"end":{"line":17,"column":49}},"loc":{"start":{"line":17,"column":68},"end":{"line":41,"column":1}},"line":17},"2":{"name":"(anonymous_2)","decl":{"start":{"line":45,"column":24},"end":{"line":45,"column":25}},"loc":{"start":{"line":45,"column":35},"end":{"line":53,"column":3}},"line":45},"3":{"name":"(anonymous_3)","decl":{"start":{"line":48,"column":12},"end":{"line":48,"column":13}},"loc":{"start":{"line":48,"column":22},"end":{"line":52,"column":5}},"line":48},"4":{"name":"(anonymous_4)","decl":{"start":{"line":54,"column":2},"end":{"line":54,"column":3}},"loc":{"start":{"line":54,"column":16},"end":{"line":88,"column":3}},"line":54},"5":{"name":"(anonymous_5)","decl":{"start":{"line":81,"column":14},"end":{"line":81,"column":15}},"loc":{"start":{"line":81,"column":20},"end":{"line":83,"column":9}},"line":81},"6":{"name":"(anonymous_6)","decl":{"start":{"line":84,"column":15},"end":{"line":84,"column":16}},"loc":{"start":{"line":84,"column":24},"end":{"line":86,"column":9}},"line":84},"7":{"name":"(anonymous_7)","decl":{"start":{"line":95,"column":2},"end":{"line":95,"column":3}},"loc":{"start":{"line":95,"column":16},"end":{"line":133,"column":3}},"line":95},"8":{"name":"(anonymous_8)","decl":{"start":{"line":125,"column":14},"end":{"line":125,"column":15}},"loc":{"start":{"line":125,"column":24},"end":{"line":128,"column":9}},"line":125},"9":{"name":"(anonymous_9)","decl":{"start":{"line":129,"column":15},"end":{"line":129,"column":16}},"loc":{"start":{"line":129,"column":24},"end":{"line":131,"column":9}},"line":129},"10":{"name":"(anonymous_10)","decl":{"start":{"line":136,"column":35},"end":{"line":136,"column":36}},"loc":{"start":{"line":136,"column":49},"end":{"line":149,"column":1}},"line":136},"11":{"name":"(anonymous_11)","decl":{"start":{"line":142,"column":10},"end":{"line":142,"column":11}},"loc":{"start":{"line":142,"column":26},"end":{"line":145,"column":5}},"line":142},"12":{"name":"(anonymous_12)","decl":{"start":{"line":146,"column":11},"end":{"line":146,"column":12}},"loc":{"start":{"line":146,"column":20},"end":{"line":148,"column":5}},"line":146},"13":{"name":"(anonymous_13)","decl":{"start":{"line":166,"column":25},"end":{"line":166,"column":26}},"loc":{"start":{"line":166,"column":36},"end":{"line":174,"column":3}},"line":166},"14":{"name":"(anonymous_14)","decl":{"start":{"line":169,"column":12},"end":{"line":169,"column":13}},"loc":{"start":{"line":169,"column":22},"end":{"line":173,"column":5}},"line":169},"15":{"name":"(anonymous_15)","decl":{"start":{"line":175,"column":2},"end":{"line":175,"column":3}},"loc":{"start":{"line":175,"column":16},"end":{"line":227,"column":3}},"line":175},"16":{"name":"(anonymous_16)","decl":{"start":{"line":220,"column":14},"end":{"line":220,"column":15}},"loc":{"start":{"line":220,"column":20},"end":{"line":222,"column":9}},"line":220},"17":{"name":"(anonymous_17)","decl":{"start":{"line":223,"column":15},"end":{"line":223,"column":16}},"loc":{"start":{"line":223,"column":24},"end":{"line":225,"column":9}},"line":223},"18":{"name":"(anonymous_18)","decl":{"start":{"line":231,"column":50},"end":{"line":231,"column":51}},"loc":{"start":{"line":231,"column":70},"end":{"line":254,"column":1}},"line":231},"19":{"name":"(anonymous_19)","decl":{"start":{"line":255,"column":52},"end":{"line":255,"column":53}},"loc":{"start":{"line":255,"column":72},"end":{"line":282,"column":1}},"line":255},"20":{"name":"(anonymous_20)","decl":{"start":{"line":283,"column":46},"end":{"line":283,"column":47}},"loc":{"start":{"line":283,"column":66},"end":{"line":304,"column":1}},"line":283},"21":{"name":"(anonymous_21)","decl":{"start":{"line":305,"column":48},"end":{"line":305,"column":49}},"loc":{"start":{"line":305,"column":68},"end":{"line":326,"column":1}},"line":305},"22":{"name":"(anonymous_22)","decl":{"start":{"line":327,"column":46},"end":{"line":327,"column":47}},"loc":{"start":{"line":327,"column":66},"end":{"line":348,"column":1}},"line":327},"23":{"name":"(anonymous_23)","decl":{"start":{"line":350,"column":24},"end":{"line":350,"column":25}},"loc":{"start":{"line":350,"column":44},"end":{"line":356,"column":1}},"line":350},"24":{"name":"(anonymous_24)","decl":{"start":{"line":358,"column":24},"end":{"line":358,"column":25}},"loc":{"start":{"line":358,"column":44},"end":{"line":364,"column":1}},"line":358},"25":{"name":"(anonymous_25)","decl":{"start":{"line":366,"column":31},"end":{"line":366,"column":32}},"loc":{"start":{"line":366,"column":51},"end":{"line":372,"column":1}},"line":366}},"branchMap":{"0":{"loc":{"start":{"line":49,"column":6},"end":{"line":51,"column":7}},"type":"if","locations":[{"start":{"line":49,"column":6},"end":{"line":51,"column":7}},{"start":{},"end":{}}],"line":49},"1":{"loc":{"start":{"line":72,"column":4},"end":{"line":87,"column":5}},"type":"if","locations":[{"start":{"line":72,"column":4},"end":{"line":87,"column":5}},{"start":{"line":78,"column":11},"end":{"line":87,"column":5}}],"line":72},"2":{"loc":{"start":{"line":116,"column":4},"end":{"line":132,"column":5}},"type":"if","locations":[{"start":{"line":116,"column":4},"end":{"line":132,"column":5}},{"start":{"line":122,"column":11},"end":{"line":132,"column":5}}],"line":116},"3":{"loc":{"start":{"line":170,"column":6},"end":{"line":172,"column":7}},"type":"if","locations":[{"start":{"line":170,"column":6},"end":{"line":172,"column":7}},{"start":{},"end":{}}],"line":170},"4":{"loc":{"start":{"line":211,"column":4},"end":{"line":226,"column":5}},"type":"if","locations":[{"start":{"line":211,"column":4},"end":{"line":226,"column":5}},{"start":{"line":217,"column":11},"end":{"line":226,"column":5}}],"line":211}},"s":{"0":2,"1":2,"2":2,"3":2,"4":2,"5":2,"6":2,"7":2,"8":2,"9":2,"10":2,"11":0,"12":2,"13":0,"14":0,"15":0,"16":0,"17":0,"18":0,"19":0,"20":0,"21":0,"22":0,"23":0,"24":0,"25":0,"26":2,"27":0,"28":0,"29":0,"30":0,"31":0,"32":0,"33":0,"34":0,"35":0,"36":0,"37":0,"38":0,"39":0,"40":0,"41":0,"42":0,"43":0,"44":2,"45":0,"46":0,"47":0,"48":0,"49":0,"50":0,"51":0,"52":0,"53":0,"54":0,"55":0,"56":0,"57":0,"58":0,"59":0,"60":0,"61":0,"62":0,"63":2,"64":0,"65":0,"66":0,"67":0,"68":0,"69":0,"70":2,"71":0,"72":0,"73":0,"74":0,"75":0,"76":0,"77":0,"78":0,"79":0,"80":0,"81":0,"82":0,"83":0,"84":0,"85":0,"86":0,"87":0,"88":0,"89":0,"90":0,"91":0,"92":0,"93":2,"94":0,"95":0,"96":0,"97":0,"98":0,"99":0,"100":0,"101":0,"102":0,"103":0,"104":0,"105":0,"106":0,"107":2,"108":0,"109":0,"110":0,"111":0,"112":0,"113":0,"114":0,"115":0,"116":0,"117":0,"118":0,"119":0,"120":2,"121":0,"122":0,"123":0,"124":0,"125":0,"126":0,"127":0,"128":0,"129":0,"130":0,"131":0,"132":0,"133":2,"134":0,"135":0,"136":0,"137":0,"138":0,"139":0,"140":0,"141":0,"142":0,"143":0,"144":0,"145":0,"146":2,"147":0,"148":0,"149":0,"150":0,"151":0,"152":0,"153":0,"154":0,"155":0,"156":0,"157":0,"158":0,"159":2,"160":1,"161":1,"162":2,"163":1,"164":1,"165":2,"166":1,"167":1,"168":2},"f":{"0":0,"1":0,"2":0,"3":0,"4":0,"5":0,"6":0,"7":0,"8":0,"9":0,"10":0,"11":0,"12":0,"13":0,"14":0,"15":0,"16":0,"17":0,"18":0,"19":0,"20":0,"21":0,"22":0,"23":1,"24":1,"25":1},"b":{"0":[0,0],"1":[0,0],"2":[0,0],"3":[0,0],"4":[0,0]},"_coverageSchema":"1a1c01bbd47fc00a2c39e90264f33305004495a9","hash":"264f8d5af0c90efece45ecfcaef1a8f2c06792e0"}
}
