TN:
SF:index.js
FN:23,(anonymous_0)
FN:30,(anonymous_1)
FNF:2
FNH:2
FNDA:2,(anonymous_0)
FNDA:2,(anonymous_1)
DA:1,2
DA:2,2
DA:3,2
DA:4,2
DA:5,2
DA:6,2
DA:7,2
DA:8,2
DA:9,2
DA:11,2
DA:12,2
DA:14,2
DA:15,2
DA:17,2
DA:22,2
DA:23,2
DA:24,2
DA:27,2
DA:28,2
DA:30,2
DA:31,2
DA:34,2
LF:22
LH:22
BRDA:11,0,0,2
BRDA:11,0,1,2
BRF:2
BRH:2
end_of_record
TN:
SF:config\it20122614\cloudinary.js
FNF:0
FNH:0
DA:1,2
DA:3,2
DA:8,2
LF:3
LH:3
BRF:0
BRH:0
end_of_record
TN:
SF:config\it20122614\multer.js
FN:6,(anonymous_0)
FNF:1
FNH:0
FNDA:0,(anonymous_0)
DA:1,2
DA:2,2
DA:4,2
DA:7,0
DA:8,0
DA:16,0
DA:17,0
DA:19,0
LF:8
LH:3
BRDA:8,0,0,0
BRDA:8,0,1,0
BRDA:9,1,0,0
BRDA:9,1,1,0
BRDA:9,1,2,0
BRDA:9,1,3,0
BRDA:9,1,4,0
BRDA:9,1,5,0
BRF:8
BRH:0
end_of_record
TN:
SF:models\IT20122614\Group.js
FNF:0
FNH:0
DA:1,2
DA:2,2
DA:4,2
DA:6,2
DA:33,2
DA:34,2
LF:6
LH:6
BRF:0
BRH:0
end_of_record
TN:
SF:models\IT20122614\GroupMembers.js
FNF:0
FNH:0
DA:1,2
DA:3,2
DA:5,2
DA:33,2
DA:34,2
LF:5
LH:5
BRF:0
BRH:0
end_of_record
TN:
SF:models\IT20122614\RegisterTopic.js
FNF:0
FNH:0
DA:1,2
DA:3,2
DA:5,2
DA:26,2
DA:27,2
LF:5
LH:5
BRF:0
BRH:0
end_of_record
TN:
SF:models\IT20122614\RequestSepervisor.js
FNF:0
FNH:0
DA:1,2
DA:3,2
DA:33,2
DA:34,2
LF:4
LH:4
BRF:0
BRH:0
end_of_record
TN:
SF:models\IT20122614\Supervisor.js
FNF:0
FNH:0
DA:1,2
DA:3,2
DA:12,2
DA:13,2
LF:4
LH:4
BRF:0
BRH:0
end_of_record
TN:
SF:models\IT20122614\User_IT20122614.js
FNF:0
FNH:0
DA:1,2
DA:3,2
DA:37,2
DA:38,2
LF:4
LH:4
BRF:0
BRH:0
end_of_record
TN:
SF:routes\IT20122614\StudentRoute.js
FN:13,userReportHandler
FN:17,(anonymous_1)
FN:45,(anonymous_2)
FN:48,(anonymous_3)
FN:54,(anonymous_4)
FN:81,(anonymous_5)
FN:84,(anonymous_6)
FN:95,(anonymous_7)
FN:125,(anonymous_8)
FN:129,(anonymous_9)
FN:136,(anonymous_10)
FN:142,(anonymous_11)
FN:146,(anonymous_12)
FN:166,(anonymous_13)
FN:169,(anonymous_14)
FN:175,(anonymous_15)
FN:220,(anonymous_16)
FN:223,(anonymous_17)
FN:231,(anonymous_18)
FN:255,(anonymous_19)
FN:283,(anonymous_20)
FN:305,(anonymous_21)
FN:327,(anonymous_22)
FN:350,(anonymous_23)
FN:358,(anonymous_24)
FN:366,(anonymous_25)
FNF:26
FNH:3
FNDA:0,userReportHandler
FNDA:0,(anonymous_1)
FNDA:0,(anonymous_2)
FNDA:0,(anonymous_3)
FNDA:0,(anonymous_4)
FNDA:0,(anonymous_5)
FNDA:0,(anonymous_6)
FNDA:0,(anonymous_7)
FNDA:0,(anonymous_8)
FNDA:0,(anonymous_9)
FNDA:0,(anonymous_10)
FNDA:0,(anonymous_11)
FNDA:0,(anonymous_12)
FNDA:0,(anonymous_13)
FNDA:0,(anonymous_14)
FNDA:0,(anonymous_15)
FNDA:0,(anonymous_16)
FNDA:0,(anonymous_17)
FNDA:0,(anonymous_18)
FNDA:0,(anonymous_19)
FNDA:0,(anonymous_20)
FNDA:0,(anonymous_21)
FNDA:0,(anonymous_22)
FNDA:1,(anonymous_23)
FNDA:1,(anonymous_24)
FNDA:1,(anonymous_25)
DA:1,2
DA:2,2
DA:3,2
DA:4,2
DA:5,2
DA:6,2
DA:7,2
DA:8,2
DA:9,2
DA:10,2
DA:12,2
DA:14,0
DA:17,2
DA:18,0
DA:19,0
DA:20,0
DA:21,0
DA:22,0
DA:23,0
DA:24,0
DA:25,0
DA:27,0
DA:35,0
DA:36,0
DA:37,0
DA:39,0
DA:43,2
DA:46,0
DA:49,0
DA:50,0
DA:56,0
DA:57,0
DA:58,0
DA:59,0
DA:60,0
DA:61,0
DA:62,0
DA:64,0
DA:72,0
DA:73,0
DA:74,0
DA:79,0
DA:82,0
DA:85,0
DA:91,2
DA:96,0
DA:97,0
DA:98,0
DA:99,0
DA:100,0
DA:101,0
DA:102,0
DA:103,0
DA:104,0
DA:106,0
DA:115,0
DA:116,0
DA:117,0
DA:118,0
DA:123,0
DA:126,0
DA:127,0
DA:130,0
DA:136,2
DA:137,0
DA:138,0
DA:141,0
DA:143,0
DA:144,0
DA:147,0
DA:165,2
DA:167,0
DA:170,0
DA:171,0
DA:185,0
DA:186,0
DA:187,0
DA:188,0
DA:189,0
DA:190,0
DA:191,0
DA:192,0
DA:193,0
DA:194,0
DA:195,0
DA:197,0
DA:199,0
DA:211,0
DA:212,0
DA:213,0
DA:218,0
DA:221,0
DA:224,0
DA:231,2
DA:232,0
DA:233,0
DA:234,0
DA:235,0
DA:236,0
DA:237,0
DA:238,0
DA:239,0
DA:240,0
DA:241,0
DA:249,0
DA:250,0
DA:252,0
DA:255,2
DA:256,0
DA:257,0
DA:259,0
DA:264,0
DA:266,0
DA:267,0
DA:274,0
DA:275,0
DA:276,0
DA:277,0
DA:279,0
DA:280,0
DA:283,2
DA:284,0
DA:285,0
DA:286,0
DA:287,0
DA:288,0
DA:289,0
DA:296,0
DA:297,0
DA:298,0
DA:299,0
DA:301,0
DA:302,0
DA:305,2
DA:306,0
DA:307,0
DA:308,0
DA:309,0
DA:310,0
DA:311,0
DA:318,0
DA:319,0
DA:320,0
DA:321,0
DA:323,0
DA:324,0
DA:327,2
DA:328,0
DA:329,0
DA:330,0
DA:331,0
DA:332,0
DA:333,0
DA:340,0
DA:341,0
DA:342,0
DA:343,0
DA:345,0
DA:346,0
DA:350,2
DA:352,1
DA:354,1
DA:358,2
DA:360,1
DA:362,1
DA:366,2
DA:368,1
DA:370,1
DA:374,2
LF:169
LH:31
BRDA:49,0,0,0
BRDA:49,0,1,0
BRDA:72,1,0,0
BRDA:72,1,1,0
BRDA:116,2,0,0
BRDA:116,2,1,0
BRDA:170,3,0,0
BRDA:170,3,1,0
BRDA:211,4,0,0
BRDA:211,4,1,0
BRF:10
BRH:0
end_of_record
