TN:
SF:index.js
FN:23,(anonymous_0)
FN:30,(anonymous_1)
FNF:2
FNH:2
FNDA:7,(anonymous_0)
FNDA:7,(anonymous_1)
DA:1,7
DA:2,7
DA:3,7
DA:4,7
DA:5,7
DA:6,7
DA:7,7
DA:8,7
DA:9,7
DA:11,7
DA:12,7
DA:14,7
DA:15,7
DA:17,7
DA:22,7
DA:23,7
DA:24,7
DA:27,7
DA:28,7
DA:30,7
DA:31,7
DA:34,7
LF:22
LH:22
BRDA:11,0,0,7
BRDA:11,0,1,7
BRF:2
BRH:2
end_of_record
TN:
SF:config\it20122614\cloudinary.js
FNF:0
FNH:0
DA:1,7
DA:3,7
DA:8,7
LF:3
LH:3
BRF:0
BRH:0
end_of_record
TN:
SF:config\it20122614\multer.js
FN:6,(anonymous_0)
FNF:1
FNH:0
FNDA:0,(anonymous_0)
DA:1,7
DA:2,7
DA:4,7
DA:7,0
DA:8,0
DA:16,0
DA:17,0
DA:19,0
LF:8
LH:3
BRDA:8,0,0,0
BRDA:8,0,1,0
BRDA:9,1,0,0
BRDA:9,1,1,0
BRDA:9,1,2,0
BRDA:9,1,3,0
BRDA:9,1,4,0
BRDA:9,1,5,0
BRF:8
BRH:0
end_of_record
TN:
SF:models\IT20122614\Group.js
FNF:0
FNH:0
DA:1,7
DA:2,7
DA:4,7
DA:6,7
DA:33,7
DA:34,7
LF:6
LH:6
BRF:0
BRH:0
end_of_record
TN:
SF:models\IT20122614\GroupMembers.js
FNF:0
FNH:0
DA:1,7
DA:3,7
DA:5,7
DA:33,7
DA:34,7
LF:5
LH:5
BRF:0
BRH:0
end_of_record
TN:
SF:models\IT20122614\RegisterTopic.js
FNF:0
FNH:0
DA:1,7
DA:3,7
DA:5,7
DA:26,7
DA:27,7
LF:5
LH:5
BRF:0
BRH:0
end_of_record
TN:
SF:models\IT20122614\RequestSepervisor.js
FNF:0
FNH:0
DA:1,7
DA:3,7
DA:33,7
DA:34,7
LF:4
LH:4
BRF:0
BRH:0
end_of_record
TN:
SF:models\IT20122614\Supervisor.js
FNF:0
FNH:0
DA:1,7
DA:3,7
DA:12,7
DA:13,7
LF:4
LH:4
BRF:0
BRH:0
end_of_record
TN:
SF:models\IT20122614\User_IT20122614.js
FNF:0
FNH:0
DA:1,7
DA:3,7
DA:37,7
DA:38,7
LF:4
LH:4
BRF:0
BRH:0
end_of_record
TN:
SF:routes\IT20122614\StudentRoute.js
FN:13,(anonymous_0)
FN:41,(anonymous_1)
FN:44,(anonymous_2)
FN:50,(anonymous_3)
FN:77,(anonymous_4)
FN:80,(anonymous_5)
FN:91,(anonymous_6)
FN:121,(anonymous_7)
FN:125,(anonymous_8)
FN:132,(anonymous_9)
FN:138,(anonymous_10)
FN:142,(anonymous_11)
FN:161,(anonymous_12)
FN:164,(anonymous_13)
FN:170,(anonymous_14)
FN:215,(anonymous_15)
FN:219,(anonymous_16)
FN:227,(anonymous_17)
FN:252,(anonymous_18)
FN:280,(anonymous_19)
FN:302,(anonymous_20)
FN:324,(anonymous_21)
FN:347,(anonymous_22)
FN:353,(anonymous_23)
FN:359,(anonymous_24)
FN:365,(anonymous_25)
FN:371,(anonymous_26)
FN:377,(anonymous_27)
FNF:28
FNH:15
FNDA:0,(anonymous_0)
FNDA:2,(anonymous_1)
FNDA:2,(anonymous_2)
FNDA:2,(anonymous_3)
FNDA:0,(anonymous_4)
FNDA:0,(anonymous_5)
FNDA:2,(anonymous_6)
FNDA:1,(anonymous_7)
FNDA:0,(anonymous_8)
FNDA:0,(anonymous_9)
FNDA:0,(anonymous_10)
FNDA:0,(anonymous_11)
FNDA:1,(anonymous_12)
FNDA:1,(anonymous_13)
FNDA:1,(anonymous_14)
FNDA:1,(anonymous_15)
FNDA:0,(anonymous_16)
FNDA:0,(anonymous_17)
FNDA:0,(anonymous_18)
FNDA:0,(anonymous_19)
FNDA:0,(anonymous_20)
FNDA:0,(anonymous_21)
FNDA:1,(anonymous_22)
FNDA:1,(anonymous_23)
FNDA:1,(anonymous_24)
FNDA:1,(anonymous_25)
FNDA:1,(anonymous_26)
FNDA:1,(anonymous_27)
DA:1,7
DA:2,7
DA:3,7
DA:4,7
DA:5,7
DA:6,7
DA:7,7
DA:8,7
DA:9,7
DA:10,7
DA:13,7
DA:14,0
DA:15,0
DA:16,0
DA:17,0
DA:18,0
DA:19,0
DA:20,0
DA:21,0
DA:23,0
DA:31,0
DA:32,0
DA:33,0
DA:35,0
DA:39,7
DA:42,2
DA:45,2
DA:46,2
DA:52,2
DA:53,2
DA:54,2
DA:55,2
DA:56,2
DA:57,2
DA:58,2
DA:60,2
DA:68,2
DA:69,2
DA:70,2
DA:75,0
DA:78,0
DA:81,0
DA:87,7
DA:92,2
DA:93,2
DA:94,2
DA:95,2
DA:96,2
DA:97,2
DA:98,2
DA:99,2
DA:100,2
DA:102,2
DA:111,2
DA:112,2
DA:113,1
DA:114,1
DA:119,1
DA:122,1
DA:123,1
DA:126,0
DA:132,7
DA:133,0
DA:134,0
DA:137,0
DA:139,0
DA:140,0
DA:143,0
DA:160,7
DA:162,1
DA:165,1
DA:166,0
DA:180,1
DA:181,1
DA:182,1
DA:183,1
DA:184,1
DA:185,1
DA:186,1
DA:187,1
DA:188,1
DA:189,1
DA:190,1
DA:192,1
DA:194,1
DA:206,1
DA:207,0
DA:208,0
DA:213,1
DA:216,1
DA:217,1
DA:220,0
DA:227,7
DA:228,0
DA:229,0
DA:230,0
DA:231,0
DA:232,0
DA:233,0
DA:234,0
DA:235,0
DA:236,0
DA:237,0
DA:245,0
DA:246,0
DA:247,0
DA:249,0
DA:252,7
DA:253,0
DA:254,0
DA:256,0
DA:261,0
DA:263,0
DA:264,0
DA:271,0
DA:272,0
DA:273,0
DA:274,0
DA:276,0
DA:277,0
DA:280,7
DA:281,0
DA:282,0
DA:283,0
DA:284,0
DA:285,0
DA:286,0
DA:293,0
DA:294,0
DA:295,0
DA:296,0
DA:298,0
DA:299,0
DA:302,7
DA:303,0
DA:304,0
DA:305,0
DA:306,0
DA:307,0
DA:308,0
DA:315,0
DA:316,0
DA:317,0
DA:318,0
DA:320,0
DA:321,0
DA:324,7
DA:325,0
DA:326,0
DA:327,0
DA:328,0
DA:329,0
DA:330,0
DA:337,0
DA:338,0
DA:339,0
DA:340,0
DA:342,0
DA:343,0
DA:347,7
DA:348,1
DA:350,1
DA:353,7
DA:354,1
DA:356,1
DA:359,7
DA:360,1
DA:362,1
DA:365,7
DA:366,1
DA:368,1
DA:371,7
DA:372,1
DA:374,1
DA:377,7
DA:378,1
DA:380,1
DA:383,7
LF:178
LH:89
BRDA:45,0,0,2
BRDA:45,0,1,0
BRDA:68,1,0,2
BRDA:68,1,1,0
BRDA:112,2,0,1
BRDA:112,2,1,1
BRDA:165,3,0,0
BRDA:165,3,1,1
BRDA:206,4,0,0
BRDA:206,4,1,1
BRF:10
BRH:6
end_of_record
